"../../../Engine/Content/EditorBlueprintResources/StandardMacros.uasset" 0
"../../../Engine/Content/EditorBlueprintResources/StandardMacros.uexp" 1
"L:/Unreal Projects/VR_Test/Content/VRTemplate/Blueprints/VRInteractionBPI.uasset" 2
"L:/Unreal Projects/VR_Test/Content/VRTemplate/Blueprints/VRInteractionBPI.uexp" 3
"L:/Unreal Projects/VR_Test/Content/VRTemplate/Haptics/GrabHapticEffect.uasset" 4
"L:/Unreal Projects/VR_Test/Content/VRTemplate/Haptics/GrabHapticEffect.uexp" 5
"L:/Unreal Projects/VR_Test/Content/VRTemplate/Blueprints/GrabType.uasset" 6
"L:/Unreal Projects/VR_Test/Content/VRTemplate/Blueprints/GrabType.uexp" 7
"L:/Unreal Projects/VR_Test/Content/VRTemplate/Blueprints/GrabComponent.uasset" 8
"L:/Unreal Projects/VR_Test/Content/VRTemplate/Blueprints/GrabComponent.uexp" 9
"L:/Unreal Projects/VR_Test/Content/VRTemplate/Materials/DefaultRibbonMaterial_NoGradient.uasset" 10
"L:/Unreal Projects/VR_Test/Content/VRTemplate/Materials/DefaultRibbonMaterial_NoGradient.uexp" 11
"../../../Engine/Plugins/FX/Niagara/Content/Enums/ENiagaraSystemInactiveMode.uasset" 12
"../../../Engine/Plugins/FX/Niagara/Content/Enums/ENiagaraSystemInactiveMode.uexp" 13
"../../../Engine/Plugins/FX/Niagara/Content/Functions/DirectionAndLengthSafe.uasset" 14
"../../../Engine/Plugins/FX/Niagara/Content/Functions/DirectionAndLengthSafe.uexp" 15
"../../../Engine/Plugins/FX/Niagara/Content/Enums/ENiagaraCoordinateSpace.uasset" 16
"../../../Engine/Plugins/FX/Niagara/Content/Enums/ENiagaraCoordinateSpace.uexp" 17
"../../../Engine/Plugins/FX/Niagara/Content/Functions/Localspace/TransformBase.uasset" 18
"../../../Engine/Plugins/FX/Niagara/Content/Functions/Localspace/TransformBase.uexp" 19
"../../../Engine/Plugins/FX/Niagara/Content/Functions/Localspace/TransformPosition.uasset" 20
"../../../Engine/Plugins/FX/Niagara/Content/Functions/Localspace/TransformPosition.uexp" 21
"../../../Engine/Plugins/FX/Niagara/Content/Functions/Localspace/TransformVector.uasset" 22
"../../../Engine/Plugins/FX/Niagara/Content/Functions/Localspace/TransformVector.uexp" 23
"../../../Engine/Plugins/FX/Niagara/Content/DynamicInputs/Multiply/Multiply_VectorByFloat.uasset" 24
"../../../Engine/Plugins/FX/Niagara/Content/DynamicInputs/Multiply/Multiply_VectorByFloat.uexp" 25
"../../../Engine/Plugins/FX/Niagara/Content/DynamicInputs/Helpers/SimulationPosition.uasset" 26
"../../../Engine/Plugins/FX/Niagara/Content/DynamicInputs/Helpers/SimulationPosition.uexp" 27
"../../../Engine/Plugins/FX/Niagara/Content/Modules/Beams/BeamEmitterSetup.uasset" 28
"../../../Engine/Plugins/FX/Niagara/Content/Modules/Beams/BeamEmitterSetup.uexp" 29
"../../../Engine/Plugins/FX/Niagara/Content/Functions/Localspace/SimulationPosition.uasset" 30
"../../../Engine/Plugins/FX/Niagara/Content/Functions/Localspace/SimulationPosition.uexp" 31
"../../../Engine/Plugins/FX/Niagara/Content/Modules/Solvers/SolveForcesAndVelocity.uasset" 32
"../../../Engine/Plugins/FX/Niagara/Content/Modules/Solvers/SolveForcesAndVelocity.uexp" 33
"../../../Engine/Plugins/FX/Niagara/Content/Enums/ENiagaraRandomnessEvaluation.uasset" 34
"../../../Engine/Plugins/FX/Niagara/Content/Enums/ENiagaraRandomnessEvaluation.uexp" 35
"../../../Engine/Plugins/FX/Niagara/Content/Enums/ENiagaraRandomnessMode.uasset" 36
"../../../Engine/Plugins/FX/Niagara/Content/Enums/ENiagaraRandomnessMode.uexp" 37
"../../../Engine/Plugins/FX/Niagara/Content/Functions/V2/CalculateRandomRangeFloat.uasset" 38
"../../../Engine/Plugins/FX/Niagara/Content/Functions/V2/CalculateRandomRangeFloat.uexp" 39
"../../../Engine/Plugins/FX/Niagara/Content/Modules/Emitter/SpawnBurst_Instantaneous.uasset" 40
"../../../Engine/Plugins/FX/Niagara/Content/Modules/Emitter/SpawnBurst_Instantaneous.uexp" 41
"../../../Engine/Plugins/FX/Niagara/Content/Enums/ENiagaraEmitterScalabilityMode_Limited.uasset" 42
"../../../Engine/Plugins/FX/Niagara/Content/Enums/ENiagaraEmitterScalabilityMode_Limited.uexp" 43
"../../../Engine/Plugins/FX/Niagara/Content/Enums/ENiagaraInactiveMode.uasset" 44
"../../../Engine/Plugins/FX/Niagara/Content/Enums/ENiagaraInactiveMode.uexp" 45
"../../../Engine/Plugins/FX/Niagara/Content/Enums/ENiagaraEmitterLifeCycleMode.uasset" 46
"../../../Engine/Plugins/FX/Niagara/Content/Enums/ENiagaraEmitterLifeCycleMode.uexp" 47
"../../../Engine/Plugins/FX/Niagara/Content/Functions/GetRandomInfo.uasset" 48
"../../../Engine/Plugins/FX/Niagara/Content/Functions/GetRandomInfo.uexp" 49
"../../../Engine/Plugins/FX/Niagara/Content/Functions/RandomRangeFloat.uasset" 50
"../../../Engine/Plugins/FX/Niagara/Content/Functions/RandomRangeFloat.uexp" 51
"../../../Engine/Plugins/FX/Niagara/Content/Modules/Spawn/Initialization/InitializeParticle.uasset" 52
"../../../Engine/Plugins/FX/Niagara/Content/Modules/Spawn/Initialization/InitializeParticle.uexp" 53
"../../../Engine/Plugins/FX/Niagara/Content/Enums/ENiagara_InfiniteLoopDuration.uasset" 54
"../../../Engine/Plugins/FX/Niagara/Content/Enums/ENiagara_InfiniteLoopDuration.uexp" 55
"../../../Engine/Plugins/FX/Niagara/Content/Functions/Emitter/EmitterChangeState.uasset" 56
"../../../Engine/Plugins/FX/Niagara/Content/Functions/Emitter/EmitterChangeState.uexp" 57
"../../../Engine/Plugins/FX/Niagara/Content/Enums/ENiagaraExecutionStateManagement.uasset" 58
"../../../Engine/Plugins/FX/Niagara/Content/Enums/ENiagaraExecutionStateManagement.uexp" 59
"../../../Engine/Plugins/FX/Niagara/Content/Enums/ENiagara_EmitterStateOptions.uasset" 60
"../../../Engine/Plugins/FX/Niagara/Content/Enums/ENiagara_EmitterStateOptions.uexp" 61
"../../../Engine/Plugins/FX/Niagara/Content/Modules/Emitter/EmitterState.uasset" 62
"../../../Engine/Plugins/FX/Niagara/Content/Modules/Emitter/EmitterState.uexp" 63
"../../../Engine/Plugins/FX/Niagara/Content/DynamicInputs/ValueFromCurve/FloatFromCurve.uasset" 64
"../../../Engine/Plugins/FX/Niagara/Content/DynamicInputs/ValueFromCurve/FloatFromCurve.uexp" 65
"../../../Engine/Plugins/FX/Niagara/Content/Functions/System/SystemChangeState.uasset" 66
"../../../Engine/Plugins/FX/Niagara/Content/Functions/System/SystemChangeState.uexp" 67
"../../../Engine/Plugins/FX/Niagara/Content/Modules/System/SystemState.uasset" 68
"../../../Engine/Plugins/FX/Niagara/Content/Modules/System/SystemState.uexp" 69
"../../../Engine/Plugins/FX/Niagara/Content/Modules/Beams/BeamWidth.uasset" 70
"../../../Engine/Plugins/FX/Niagara/Content/Modules/Beams/BeamWidth.uexp" 71
"../../../Engine/Plugins/FX/Niagara/Content/Modules/Update/Lifetime/ParticleState.uasset" 72
"../../../Engine/Plugins/FX/Niagara/Content/Modules/Update/Lifetime/ParticleState.uexp" 73
"../../../Engine/Plugins/FX/Niagara/Content/Functions/NormalizedExecutionIndex.uasset" 74
"../../../Engine/Plugins/FX/Niagara/Content/Functions/NormalizedExecutionIndex.uexp" 75
"../../../Engine/Plugins/FX/Niagara/Content/Functions/Spline/FindPositionOnBezierSpline.uasset" 76
"../../../Engine/Plugins/FX/Niagara/Content/Functions/Spline/FindPositionOnBezierSpline.uexp" 77
"../../../Engine/Plugins/FX/Niagara/Content/Modules/Beams/SpawnBeam.uasset" 78
"../../../Engine/Plugins/FX/Niagara/Content/Modules/Beams/SpawnBeam.uexp" 79
"../../../Engine/Plugins/FX/Niagara/Content/DynamicInputs/ValueFromCurve/ColorFromCurve.uasset" 80
"../../../Engine/Plugins/FX/Niagara/Content/DynamicInputs/ValueFromCurve/ColorFromCurve.uexp" 81
"../../../Engine/Plugins/FX/Niagara/Content/Modules/Update/Color/Color.uasset" 82
"../../../Engine/Plugins/FX/Niagara/Content/Modules/Update/Color/Color.uexp" 83
"L:/Unreal Projects/VR_Test/Content/VRTemplate/VFX/NS_TeleportTrace.uasset" 84
"L:/Unreal Projects/VR_Test/Content/VRTemplate/VFX/NS_TeleportTrace.uexp" 85
"../../../Engine/Content/VREditor/Devices/Vive/VivePreController_MasksB.uasset" 86
"../../../Engine/Content/VREditor/Devices/Vive/VivePreController_MasksB.uexp" 87
"../../../Engine/Content/VREditor/Devices/Vive/VivePreController_MasksB.ubulk" 88
"../../../Engine/Content/VREditor/Devices/Vive/T_VivePreController_EM.uasset" 89
"../../../Engine/Content/VREditor/Devices/Vive/T_VivePreController_EM.uexp" 90
"../../../Engine/Content/VREditor/Devices/Vive/VivePreControllerDiffuse.uasset" 91
"../../../Engine/Content/VREditor/Devices/Vive/VivePreControllerDiffuse.uexp" 92
"../../../Engine/Content/VREditor/Devices/Vive/VivePreControllerDiffuse.ubulk" 93
"../../../Engine/Content/VREditor/Devices/Vive/VivePreController_MasksA.uasset" 94
"../../../Engine/Content/VREditor/Devices/Vive/VivePreController_MasksA.uexp" 95
"../../../Engine/Content/VREditor/Devices/Vive/VivePreController_MasksA.ubulk" 96
"../../../Engine/Content/Functions/Engine_MaterialFunctions02/Utility/BreakOutFloat3Components.uasset" 97
"../../../Engine/Content/Functions/Engine_MaterialFunctions02/Utility/BreakOutFloat3Components.uexp" 98
"../../../Engine/Content/VREditor/Devices/Vive/VivePreControllerSpec.uasset" 99
"../../../Engine/Content/VREditor/Devices/Vive/VivePreControllerSpec.uexp" 100
"../../../Engine/Content/VREditor/Devices/Vive/VivePreControllerSpec.ubulk" 101
"../../../Engine/Content/VREditor/LaserPointer/VR_LaserPower_01.uasset" 102
"../../../Engine/Content/VREditor/LaserPointer/VR_LaserPower_01.uexp" 103
"../../../Engine/Content/VREditor/LaserPointer/VR_LaserPower_01.ubulk" 104
"../../../Engine/Content/VREditor/Devices/Vive/VivePreControllerMaterial.uasset" 105
"../../../Engine/Content/VREditor/Devices/Vive/VivePreControllerMaterial.uexp" 106
"../../../Engine/Content/VREditor/Devices/Vive/VivePreControllerMaterial_Inst.uasset" 107
"../../../Engine/Content/VREditor/Devices/Vive/VivePreControllerMaterial_Inst.uexp" 108
"../../../Engine/Content/VREditor/Devices/Vive/VivePreControllerMesh.uasset" 109
"../../../Engine/Content/VREditor/Devices/Vive/VivePreControllerMesh.uexp" 110
"../../../Engine/Content/VREditor/Devices/Vive/VivePreControllerMesh.ubulk" 111
"L:/Unreal Projects/VR_Test/Content/VRTemplate/Materials/M_VRCursor.uasset" 112
"L:/Unreal Projects/VR_Test/Content/VRTemplate/Materials/M_VRCursor.uexp" 113
"../../../Engine/Content/EngineMaterials/T_Default_Material_Grid_M.uasset" 114
"../../../Engine/Content/EngineMaterials/T_Default_Material_Grid_M.uexp" 115
"../../../Engine/Content/EngineMaterials/T_Default_Material_Grid_M.ubulk" 116
"../../../Engine/Content/EngineMaterials/T_Default_Material_Grid_N.uasset" 117
"../../../Engine/Content/EngineMaterials/T_Default_Material_Grid_N.uexp" 118
"../../../Engine/Content/EngineMaterials/T_Default_Material_Grid_N.ubulk" 119
"../../../Engine/Content/Functions/Engine_MaterialFunctions01/Opacity/CameraDepthFade.uasset" 120
"../../../Engine/Content/Functions/Engine_MaterialFunctions01/Opacity/CameraDepthFade.uexp" 121
"../../../Engine/Content/EngineMaterials/DefaultMaterial.uasset" 122
"../../../Engine/Content/EngineMaterials/DefaultMaterial.uexp" 123
"../../../Engine/Content/BasicShapes/Sphere.uasset" 124
"../../../Engine/Content/BasicShapes/Sphere.uexp" 125
"../../../Engine/Content/BasicShapes/Sphere.ubulk" 126
"L:/Unreal Projects/VR_Test/Content/VRTemplate/Blueprints/WidgetMenu.uasset" 127
"L:/Unreal Projects/VR_Test/Content/VRTemplate/Blueprints/WidgetMenu.uexp" 128
"L:/Unreal Projects/VR_Test/Content/VRTemplate/Blueprints/Menu.uasset" 129
"L:/Unreal Projects/VR_Test/Content/VRTemplate/Blueprints/Menu.uexp" 130
"../../../Engine/Content/EngineMaterials/Good64x64TilingNoiseHighFreq.uasset" 131
"../../../Engine/Content/EngineMaterials/Good64x64TilingNoiseHighFreq.uexp" 132
"L:/Unreal Projects/VR_Test/Content/VRTemplate/Materials/TeleportMCP.uasset" 133
"L:/Unreal Projects/VR_Test/Content/VRTemplate/Materials/TeleportMCP.uexp" 134
"../../../Engine/Content/Functions/Engine_MaterialFunctions02/Utility/CameraDirectionVector.uasset" 135
"../../../Engine/Content/Functions/Engine_MaterialFunctions02/Utility/CameraDirectionVector.uexp" 136
"../../../Engine/Content/Functions/Engine_MaterialFunctions02/Utility/DepthFromWorldPosition.uasset" 137
"../../../Engine/Content/Functions/Engine_MaterialFunctions02/Utility/DepthFromWorldPosition.uexp" 138
"L:/Unreal Projects/VR_Test/Content/VRTemplate/Materials/Functions/MF_OccludedPixels.uasset" 139
"L:/Unreal Projects/VR_Test/Content/VRTemplate/Materials/Functions/MF_OccludedPixels.uexp" 140
"L:/Unreal Projects/VR_Test/Content/VRTemplate/Materials/M_TeleportPreviews.uasset" 141
"L:/Unreal Projects/VR_Test/Content/VRTemplate/Materials/M_TeleportPreviews.uexp" 142
"L:/Unreal Projects/VR_Test/Content/VRTemplate/Materials/MI_TeleportCylinderPreview.uasset" 143
"L:/Unreal Projects/VR_Test/Content/VRTemplate/Materials/MI_TeleportCylinderPreview.uexp" 144
"../../../Engine/Content/BasicShapes/Cylinder.uasset" 145
"../../../Engine/Content/BasicShapes/Cylinder.uexp" 146
"../../../Engine/Content/BasicShapes/Cylinder.ubulk" 147
"L:/Unreal Projects/VR_Test/Content/VRTemplate/Meshes/SM_TeleportRing.uasset" 148
"L:/Unreal Projects/VR_Test/Content/VRTemplate/Meshes/SM_TeleportRing.uexp" 149
"L:/Unreal Projects/VR_Test/Content/VRTemplate/Meshes/SM_TeleportRing.ubulk" 150
"L:/Unreal Projects/VR_Test/Content/VRTemplate/Blueprints/VRTeleportVisualizer.uasset" 151
"L:/Unreal Projects/VR_Test/Content/VRTemplate/Blueprints/VRTeleportVisualizer.uexp" 152
"L:/Unreal Projects/VR_Test/Content/VRTemplate/Blueprints/VRPawn.uasset" 153
"L:/Unreal Projects/VR_Test/Content/VRTemplate/Blueprints/VRPawn.uexp" 154
"L:/Unreal Projects/VR_Test/Content/VRTemplate/Blueprints/VRGameMode.uasset" 155
"L:/Unreal Projects/VR_Test/Content/VRTemplate/Blueprints/VRGameMode.uexp" 156
"../../../Engine/Content/EngineMaterials/WorldGridMaterial.uasset" 157
"../../../Engine/Content/EngineMaterials/WorldGridMaterial.uexp" 158
"../../../Engine/Content/ArtTools/RenderToTexture/Meshes/S_1_Unit_Plane.uasset" 159
"../../../Engine/Content/ArtTools/RenderToTexture/Meshes/S_1_Unit_Plane.uexp" 160
"../../../Engine/Content/ArtTools/RenderToTexture/Meshes/S_1_Unit_Plane.ubulk" 161
"../../../Engine/Content/BasicShapes/Cone.uasset" 162
"../../../Engine/Content/BasicShapes/Cone.uexp" 163
"../../../Engine/Content/BasicShapes/Cone.ubulk" 164
"../../../Engine/Content/BasicShapes/Plane.uasset" 165
"../../../Engine/Content/BasicShapes/Plane.uexp" 166
"../../../Engine/Content/BasicShapes/Plane.ubulk" 167
"../../../Engine/Content/EditorLandscapeResources/DataLayer.uasset" 168
"../../../Engine/Content/EditorLandscapeResources/DataLayer.uexp" 169
"../../../Engine/Content/EditorLandscapeResources/DefaultAlphaTexture.uasset" 170
"../../../Engine/Content/EditorLandscapeResources/DefaultAlphaTexture.uexp" 171
"../../../Engine/Content/EditorMaterials/MAT_Groups_Toggle.uasset" 172
"../../../Engine/Content/EditorMaterials/MAT_Groups_Toggle.uexp" 173
"../../../Engine/Content/EditorMaterials/MAT_Groups_Visibility.uasset" 174
"../../../Engine/Content/EditorMaterials/MAT_Groups_Visibility.uexp" 175
"../../../Engine/Content/EditorMaterials/PreviewShadowIndicator.uasset" 176
"../../../Engine/Content/EditorMaterials/PreviewShadowIndicator.uexp" 177
"../../../Engine/Content/EditorMaterials/PreviewShadowIndicator.ubulk" 178
"../../../Engine/Content/EditorMaterials/PreviewShadowIndicatorMaterial.uasset" 179
"../../../Engine/Content/EditorMaterials/PreviewShadowIndicatorMaterial.uexp" 180
"../../../Engine/Content/EditorMaterials/MatineeGroups/MAT_ColorTrack.uasset" 181
"../../../Engine/Content/EditorMaterials/MatineeGroups/MAT_ColorTrack.uexp" 182
"../../../Engine/Content/EditorMaterials/MatineeGroups/MAT_Groups_Anim.uasset" 183
"../../../Engine/Content/EditorMaterials/MatineeGroups/MAT_Groups_Anim.uexp" 184
"../../../Engine/Content/EditorMaterials/MatineeGroups/MAT_Groups_AudioMaster.uasset" 185
"../../../Engine/Content/EditorMaterials/MatineeGroups/MAT_Groups_AudioMaster.uexp" 186
"../../../Engine/Content/EditorMaterials/MatineeGroups/MAT_Groups_Director.uasset" 187
"../../../Engine/Content/EditorMaterials/MatineeGroups/MAT_Groups_Director.uexp" 188
"../../../Engine/Content/EditorMaterials/MatineeGroups/MAT_Groups_Event.uasset" 189
"../../../Engine/Content/EditorMaterials/MatineeGroups/MAT_Groups_Event.uexp" 190
"../../../Engine/Content/EditorMaterials/MatineeGroups/MAT_Groups_Fade.uasset" 191
"../../../Engine/Content/EditorMaterials/MatineeGroups/MAT_Groups_Fade.uexp" 192
"../../../Engine/Content/EditorMaterials/MatineeGroups/MAT_Groups_Float.uasset" 193
"../../../Engine/Content/EditorMaterials/MatineeGroups/MAT_Groups_Float.uexp" 194
"../../../Engine/Content/EditorMaterials/MatineeGroups/MAT_Groups_Move.uasset" 195
"../../../Engine/Content/EditorMaterials/MatineeGroups/MAT_Groups_Move.uexp" 196
"../../../Engine/Content/EditorMaterials/MatineeGroups/MAT_Groups_Slomo.uasset" 197
"../../../Engine/Content/EditorMaterials/MatineeGroups/MAT_Groups_Slomo.uexp" 198
"../../../Engine/Content/EditorMaterials/MatineeGroups/MAT_Groups_Sound.uasset" 199
"../../../Engine/Content/EditorMaterials/MatineeGroups/MAT_Groups_Sound.uexp" 200
"../../../Engine/Content/EditorMaterials/MatineeGroups/MAT_Groups_Vector.uasset" 201
"../../../Engine/Content/EditorMaterials/MatineeGroups/MAT_Groups_Vector.uexp" 202
"../../../Engine/Content/EditorMaterials/ParticleSystems/PSysThumbnail_NoImage.uasset" 203
"../../../Engine/Content/EditorMaterials/ParticleSystems/PSysThumbnail_NoImage.uexp" 204
"../../../Engine/Content/EditorMaterials/ParticleSystems/PSysThumbnail_NoImage.ubulk" 205
"../../../Engine/Content/EditorMaterials/ParticleSystems/PSysThumbnail_OOD.uasset" 206
"../../../Engine/Content/EditorMaterials/ParticleSystems/PSysThumbnail_OOD.uexp" 207
"../../../Engine/Content/EditorMaterials/ParticleSystems/PSysThumbnail_OOD.ubulk" 208
"../../../Engine/Content/Functions/Engine_MaterialFunctions02/Utility/MakeFloat3.uasset" 209
"../../../Engine/Content/Functions/Engine_MaterialFunctions02/Utility/MakeFloat3.uexp" 210
"../../../Engine/Content/Functions/Engine_MaterialFunctions02/Utility/MakeFloat4.uasset" 211
"../../../Engine/Content/Functions/Engine_MaterialFunctions02/Utility/MakeFloat4.uexp" 212
"../../../Engine/Content/EditorMaterials/WorldPartition/WorldPartitionSpatialHashGridPreviewMaterial.uasset" 213
"../../../Engine/Content/EditorMaterials/WorldPartition/WorldPartitionSpatialHashGridPreviewMaterial.uexp" 214
"../../../Engine/Content/EditorMaterials/Camera/CineMat.uasset" 215
"../../../Engine/Content/EditorMaterials/Camera/CineMat.uexp" 216
"../../../Engine/Content/EditorMaterials/Camera/MI_CineMat_Rig.uasset" 217
"../../../Engine/Content/EditorMaterials/Camera/MI_CineMat_Rig.uexp" 218
"../../../Engine/Content/EditorMeshes/Camera/SM_CraneRig_Arm.uasset" 219
"../../../Engine/Content/EditorMeshes/Camera/SM_CraneRig_Arm.uexp" 220
"../../../Engine/Content/EditorMeshes/Camera/SM_CraneRig_Arm.ubulk" 221
"../../../Engine/Content/EditorMeshes/Camera/SM_CraneRig_Base.uasset" 222
"../../../Engine/Content/EditorMeshes/Camera/SM_CraneRig_Base.uexp" 223
"../../../Engine/Content/EditorMeshes/Camera/SM_CraneRig_Base.ubulk" 224
"../../../Engine/Content/EditorMeshes/Camera/SM_CraneRig_Body.uasset" 225
"../../../Engine/Content/EditorMeshes/Camera/SM_CraneRig_Body.uexp" 226
"../../../Engine/Content/EditorMeshes/Camera/SM_CraneRig_Body.ubulk" 227
"../../../Engine/Content/EditorMeshes/Camera/SM_CraneRig_Mount.uasset" 228
"../../../Engine/Content/EditorMeshes/Camera/SM_CraneRig_Mount.uexp" 229
"../../../Engine/Content/EditorMeshes/Camera/SM_CraneRig_Mount.ubulk" 230
"../../../Engine/Content/EditorMeshes/Camera/SM_RailRig_Mount.uasset" 231
"../../../Engine/Content/EditorMeshes/Camera/SM_RailRig_Mount.uexp" 232
"../../../Engine/Content/EditorMeshes/Camera/SM_RailRig_Mount.ubulk" 233
"../../../Engine/Content/EditorMeshes/Camera/SM_RailRig_Track.uasset" 234
"../../../Engine/Content/EditorMeshes/Camera/SM_RailRig_Track.uexp" 235
"../../../Engine/Content/EditorMeshes/Camera/SM_RailRig_Track.ubulk" 236
"../../../Engine/Content/EditorResources/BSPVertex.uasset" 237
"../../../Engine/Content/EditorResources/BSPVertex.uexp" 238
"../../../Engine/Content/EditorResources/EmptyActor.uasset" 239
"../../../Engine/Content/EditorResources/EmptyActor.uexp" 240
"../../../Engine/Content/EditorResources/S_Actor.uasset" 241
"../../../Engine/Content/EditorResources/S_Actor.uexp" 242
"../../../Engine/Content/EditorResources/S_Actor.ubulk" 243
"../../../Engine/Content/EditorResources/S_BoxReflectionCapture.uasset" 244
"../../../Engine/Content/EditorResources/S_BoxReflectionCapture.uexp" 245
"../../../Engine/Content/EditorResources/S_Note.uasset" 246
"../../../Engine/Content/EditorResources/S_Note.uexp" 247
"../../../Engine/Content/EditorResources/S_Solver.uasset" 248
"../../../Engine/Content/EditorResources/S_Solver.uexp" 249
"../../../Engine/Content/EditorResources/S_Solver.ubulk" 250
"../../../Engine/Content/EditorResources/S_Terrain.uasset" 251
"../../../Engine/Content/EditorResources/S_Terrain.uexp" 252
"../../../Engine/Content/EditorResources/S_Terrain.ubulk" 253
"../../../Engine/Content/EditorResources/S_Trigger.uasset" 254
"../../../Engine/Content/EditorResources/S_Trigger.uexp" 255
"../../../Engine/Content/EditorResources/S_Trigger.ubulk" 256
"../../../Engine/Content/EditorResources/S_TriggerBox.uasset" 257
"../../../Engine/Content/EditorResources/S_TriggerBox.uexp" 258
"../../../Engine/Content/EditorResources/S_TriggerCapsule.uasset" 259
"../../../Engine/Content/EditorResources/S_TriggerCapsule.uexp" 260
"../../../Engine/Content/EditorResources/S_TriggerSphere.uasset" 261
"../../../Engine/Content/EditorResources/S_TriggerSphere.uexp" 262
"../../../Engine/Content/EditorResources/AudioIcons/S_AudioComponent_AutoActivate.uasset" 263
"../../../Engine/Content/EditorResources/AudioIcons/S_AudioComponent_AutoActivate.uexp" 264
"../../../Engine/Content/EditorResources/LightIcons/S_LightError.uasset" 265
"../../../Engine/Content/EditorResources/LightIcons/S_LightError.uexp" 266
"../../../Engine/Content/EditorResources/SequenceRecorder/Countdown.uasset" 267
"../../../Engine/Content/EditorResources/SequenceRecorder/Countdown.uexp" 268
"../../../Engine/Content/EditorResources/SequenceRecorder/RecordingIndicator.uasset" 269
"../../../Engine/Content/EditorResources/SequenceRecorder/RecordingIndicator.uexp" 270
"../../../Engine/Content/EngineDamageTypes/DmgTypeBP_Environmental.uasset" 271
"../../../Engine/Content/EngineDamageTypes/DmgTypeBP_Environmental.uexp" 272
"../../../Engine/Content/EngineDebugMaterials/DebugEditorMaterial.uasset" 273
"../../../Engine/Content/EngineDebugMaterials/DebugEditorMaterial.uexp" 274
"../../../Engine/Content/EngineDebugMaterials/DebugMeshMaterial.uasset" 275
"../../../Engine/Content/EngineDebugMaterials/DebugMeshMaterial.uexp" 276
"../../../Engine/Content/EngineDebugMaterials/M_SimpleUnlitTranslucent.uasset" 277
"../../../Engine/Content/EngineDebugMaterials/M_SimpleUnlitTranslucent.uexp" 278
"../../../Engine/Content/EngineDebugMaterials/VolumeToRender.uasset" 279
"../../../Engine/Content/EngineDebugMaterials/VolumeToRender.uexp" 280
"../../../Engine/Content/EngineDebugMaterials/M_VolumeRenderSphereTracePP.uasset" 281
"../../../Engine/Content/EngineDebugMaterials/M_VolumeRenderSphereTracePP.uexp" 282
"../../../Engine/Content/Functions/Engine_MaterialFunctions01/Shading/ConvertFromDiffSpec.uasset" 283
"../../../Engine/Content/Functions/Engine_MaterialFunctions01/Shading/ConvertFromDiffSpec.uexp" 284
"../../../Engine/Content/EngineDebugMaterials/VertexColorMaterial.uasset" 285
"../../../Engine/Content/EngineDebugMaterials/VertexColorMaterial.uexp" 286
"../../../Engine/Content/EngineDebugMaterials/WireframeMaterial.uasset" 287
"../../../Engine/Content/EngineDebugMaterials/WireframeMaterial.uexp" 288
"../../../Engine/Content/EngineFonts/Faces/DroidSansFallback.uasset" 289
"../../../Engine/Content/EngineFonts/Faces/DroidSansFallback.uexp" 290
"../../../Engine/Content/EngineFonts/Faces/DroidSansFallback.ufont" 291
"../../../Engine/Content/EngineFonts/Faces/RobotoLight.uasset" 292
"../../../Engine/Content/EngineFonts/Faces/RobotoLight.uexp" 293
"../../../Engine/Content/EngineFonts/Faces/RobotoLight.ufont" 294
"../../../Engine/Content/EngineFonts/Faces/RobotoBold.uasset" 295
"../../../Engine/Content/EngineFonts/Faces/RobotoBold.uexp" 296
"../../../Engine/Content/EngineFonts/Faces/RobotoBold.ufont" 297
"../../../Engine/Content/EngineFonts/Faces/RobotoBoldItalic.uasset" 298
"../../../Engine/Content/EngineFonts/Faces/RobotoBoldItalic.uexp" 299
"../../../Engine/Content/EngineFonts/Faces/RobotoBoldItalic.ufont" 300
"../../../Engine/Content/EngineFonts/Faces/RobotoItalic.uasset" 301
"../../../Engine/Content/EngineFonts/Faces/RobotoItalic.uexp" 302
"../../../Engine/Content/EngineFonts/Faces/RobotoItalic.ufont" 303
"../../../Engine/Content/EngineFonts/Faces/RobotoRegular.uasset" 304
"../../../Engine/Content/EngineFonts/Faces/RobotoRegular.uexp" 305
"../../../Engine/Content/EngineFonts/Faces/RobotoRegular.ufont" 306
"../../../Engine/Content/EngineFonts/Roboto.uasset" 307
"../../../Engine/Content/EngineFonts/Roboto.uexp" 308
"../../../Engine/Content/EngineMaterials/BaseFlattenDiffuseMap.uasset" 309
"../../../Engine/Content/EngineMaterials/BaseFlattenDiffuseMap.uexp" 310
"../../../Engine/Content/EngineMaterials/BaseFlattenGrayscaleMap.uasset" 311
"../../../Engine/Content/EngineMaterials/BaseFlattenGrayscaleMap.uexp" 312
"../../../Engine/Content/EngineMaterials/BaseFlattenEmissiveMap.uasset" 313
"../../../Engine/Content/EngineMaterials/BaseFlattenEmissiveMap.uexp" 314
"../../../Engine/Content/EngineMaterials/BaseFlattenNormalMap.uasset" 315
"../../../Engine/Content/EngineMaterials/BaseFlattenNormalMap.uexp" 316
"../../../Engine/Content/EngineMaterials/BaseFlattenMaterial.uasset" 317
"../../../Engine/Content/EngineMaterials/BaseFlattenMaterial.uexp" 318
"../../../Engine/Content/EngineMaterials/BaseFlattenEmissiveMap_VT.uasset" 319
"../../../Engine/Content/EngineMaterials/BaseFlattenEmissiveMap_VT.uexp" 320
"../../../Engine/Content/EngineMaterials/BaseFlattenGrayscaleMap_VT.uasset" 321
"../../../Engine/Content/EngineMaterials/BaseFlattenGrayscaleMap_VT.uexp" 322
"../../../Engine/Content/EngineMaterials/BaseFlattenDiffuseMap_VT.uasset" 323
"../../../Engine/Content/EngineMaterials/BaseFlattenDiffuseMap_VT.uexp" 324
"../../../Engine/Content/EngineMaterials/BaseFlattenNormalMap_VT.uasset" 325
"../../../Engine/Content/EngineMaterials/BaseFlattenNormalMap_VT.uexp" 326
"../../../Engine/Content/EngineMaterials/BaseFlattenMaterial_VT.uasset" 327
"../../../Engine/Content/EngineMaterials/BaseFlattenMaterial_VT.uexp" 328
"../../../Engine/Content/EngineMaterials/BlueNoise.uasset" 329
"../../../Engine/Content/EngineMaterials/BlueNoise.uexp" 330
"../../../Engine/Content/EngineMaterials/DefaultBloomKernel.uasset" 331
"../../../Engine/Content/EngineMaterials/DefaultBloomKernel.uexp" 332
"../../../Engine/Content/EngineMaterials/DefaultBokeh.uasset" 333
"../../../Engine/Content/EngineMaterials/DefaultBokeh.uexp" 334
"../../../Engine/Content/EngineMaterials/DefaultDiffuse.uasset" 335
"../../../Engine/Content/EngineMaterials/DefaultDiffuse.uexp" 336
"../../../Engine/Content/EngineMaterials/DefaultDiffuse.ubulk" 337
"../../../Engine/Content/EngineMaterials/DefaultDeferredDecalMaterial.uasset" 338
"../../../Engine/Content/EngineMaterials/DefaultDeferredDecalMaterial.uexp" 339
"../../../Engine/Content/EngineMaterials/DefaultLightFunctionMaterial.uasset" 340
"../../../Engine/Content/EngineMaterials/DefaultLightFunctionMaterial.uexp" 341
"../../../Engine/Content/EngineMaterials/DefaultPhysicalMaterial.uasset" 342
"../../../Engine/Content/EngineMaterials/DefaultPhysicalMaterial.uexp" 343
"../../../Engine/Content/Functions/Engine_MaterialFunctions02/Utility/BreakOutFloat2Components.uasset" 344
"../../../Engine/Content/Functions/Engine_MaterialFunctions02/Utility/BreakOutFloat2Components.uexp" 345
"../../../Engine/Content/EngineMaterials/DefaultPostProcessMaterial.uasset" 346
"../../../Engine/Content/EngineMaterials/DefaultPostProcessMaterial.uexp" 347
"../../../Engine/Content/EngineFonts/RobotoDistanceField.uasset" 348
"../../../Engine/Content/EngineFonts/RobotoDistanceField.uexp" 349
"../../../Engine/Content/EngineMaterials/DefaultTextMaterialOpaque.uasset" 350
"../../../Engine/Content/EngineMaterials/DefaultTextMaterialOpaque.uexp" 351
"../../../Engine/Content/EngineMaterials/DefaultWhiteGrid.uasset" 352
"../../../Engine/Content/EngineMaterials/DefaultWhiteGrid.uexp" 353
"../../../Engine/Content/EngineMaterials/DefaultWhiteGrid.ubulk" 354
"../../../Engine/Content/EngineMaterials/DefaultWhiteGrid_Low.uasset" 355
"../../../Engine/Content/EngineMaterials/DefaultWhiteGrid_Low.uexp" 356
"../../../Engine/Content/EngineMaterials/EmissiveMeshMaterial.uasset" 357
"../../../Engine/Content/EngineMaterials/EmissiveMeshMaterial.uexp" 358
"../../../Engine/Content/EngineMaterials/GizmoMaterial.uasset" 359
"../../../Engine/Content/EngineMaterials/GizmoMaterial.uexp" 360
"../../../Engine/Content/EngineMaterials/MiniFont.uasset" 361
"../../../Engine/Content/EngineMaterials/MiniFont.uexp" 362
"../../../Engine/Content/EngineMaterials/InvalidLightmapSettings.uasset" 363
"../../../Engine/Content/EngineMaterials/InvalidLightmapSettings.uexp" 364
"../../../Engine/Content/EngineMaterials/InvalidLightmapSettings.ubulk" 365
"../../../Engine/Content/EngineMaterials/M_InvalidLightmapSettings.uasset" 366
"../../../Engine/Content/EngineMaterials/M_InvalidLightmapSettings.uexp" 367
"../../../Engine/Content/Functions/Engine_MaterialFunctions02/WorldPositionOffset/CameraOffset.uasset" 368
"../../../Engine/Content/Functions/Engine_MaterialFunctions02/WorldPositionOffset/CameraOffset.uexp" 369
"../../../Engine/Content/EngineMaterials/PhAT_JointLimitMaterial.uasset" 370
"../../../Engine/Content/EngineMaterials/PhAT_JointLimitMaterial.uexp" 371
"../../../Engine/Content/EngineMaterials/PreintegratedSkinBRDF.uasset" 372
"../../../Engine/Content/EngineMaterials/PreintegratedSkinBRDF.uexp" 373
"../../../Engine/Content/EngineMaterials/RemoveSurfaceMaterial.uasset" 374
"../../../Engine/Content/EngineMaterials/RemoveSurfaceMaterial.uexp" 375
"../../../Engine/Content/EngineMaterials/WeightMapPlaceholderTexture.uasset" 376
"../../../Engine/Content/EngineMaterials/WeightMapPlaceholderTexture.uexp" 377
"../../../Engine/Content/EngineResources/WhiteSquareTexture.uasset" 378
"../../../Engine/Content/EngineResources/WhiteSquareTexture.uexp" 379
"../../../Engine/Content/EngineMaterials/Widget3DPassThrough.uasset" 380
"../../../Engine/Content/EngineMaterials/Widget3DPassThrough.uexp" 381
"../../../Engine/Content/EngineMaterials/Widget3DPassThrough_Masked.uasset" 382
"../../../Engine/Content/EngineMaterials/Widget3DPassThrough_Masked.uexp" 383
"../../../Engine/Content/EngineMaterials/Widget3DPassThrough_Opaque.uasset" 384
"../../../Engine/Content/EngineMaterials/Widget3DPassThrough_Opaque.uexp" 385
"../../../Engine/Content/EngineMaterials/Widget3DPassThrough_Masked_OneSided.uasset" 386
"../../../Engine/Content/EngineMaterials/Widget3DPassThrough_Masked_OneSided.uexp" 387
"../../../Engine/Content/EngineMaterials/Widget3DPassThrough_Opaque_OneSided.uasset" 388
"../../../Engine/Content/EngineMaterials/Widget3DPassThrough_Opaque_OneSided.uexp" 389
"../../../Engine/Content/EngineMaterials/Widget3DPassThrough_Translucent.uasset" 390
"../../../Engine/Content/EngineMaterials/Widget3DPassThrough_Translucent.uexp" 391
"../../../Engine/Content/EngineMaterials/Widget3DPassThrough_Translucent_OneSided.uasset" 392
"../../../Engine/Content/EngineMaterials/Widget3DPassThrough_Translucent_OneSided.uexp" 393
"../../../Engine/Content/EngineMeshes/Cube.uasset" 394
"../../../Engine/Content/EngineMeshes/Cube.uexp" 395
"../../../Engine/Content/EngineMeshes/Cube.ubulk" 396
"../../../Engine/Content/EngineMeshes/Sphere.uasset" 397
"../../../Engine/Content/EngineMeshes/Sphere.uexp" 398
"../../../Engine/Content/EngineMeshes/Sphere.ubulk" 399
"../../../Engine/Content/EngineResources/Black.uasset" 400
"../../../Engine/Content/EngineResources/Black.uexp" 401
"../../../Engine/Content/EngineResources/DefaultTextureCube.uasset" 402
"../../../Engine/Content/EngineResources/DefaultTextureCube.uexp" 403
"../../../Engine/Content/EngineResources/DefaultVolumeTexture2D.uasset" 404
"../../../Engine/Content/EngineResources/DefaultVolumeTexture2D.uexp" 405
"../../../Engine/Content/EngineResources/DefaultVolumeTexture.uasset" 406
"../../../Engine/Content/EngineResources/DefaultVolumeTexture.uexp" 407
"../../../Engine/Content/EngineResources/GradientTexture0.uasset" 408
"../../../Engine/Content/EngineResources/GradientTexture0.uexp" 409
"../../../Engine/Content/EngineSky/VolumetricClouds/T_NoiseShape64.uasset" 410
"../../../Engine/Content/EngineSky/VolumetricClouds/T_NoiseShape64.uexp" 411
"../../../Engine/Content/EngineSky/VolumetricClouds/T_NoiseShape64.ubulk" 412
"../../../Engine/Content/EngineSky/VolumetricClouds/T_VolumeNoiseShape64.uasset" 413
"../../../Engine/Content/EngineSky/VolumetricClouds/T_VolumeNoiseShape64.uexp" 414
"../../../Engine/Content/EngineSky/VolumetricClouds/T_NoiseErosion.uasset" 415
"../../../Engine/Content/EngineSky/VolumetricClouds/T_NoiseErosion.uexp" 416
"../../../Engine/Content/EngineSky/VolumetricClouds/T_NoiseErosion.ubulk" 417
"../../../Engine/Content/EngineSky/VolumetricClouds/T_VolumeNoiseErosion32.uasset" 418
"../../../Engine/Content/EngineSky/VolumetricClouds/T_VolumeNoiseErosion32.uexp" 419
"../../../Engine/Content/EngineSky/VolumetricClouds/CloudGradientTexture.uasset" 420
"../../../Engine/Content/EngineSky/VolumetricClouds/CloudGradientTexture.uexp" 421
"../../../Engine/Content/EngineSky/VolumetricClouds/CloudWeatherTexture.uasset" 422
"../../../Engine/Content/EngineSky/VolumetricClouds/CloudWeatherTexture.uexp" 423
"../../../Engine/Content/Functions/Engine_MaterialFunctions02/Utility/MakeFloat2.uasset" 424
"../../../Engine/Content/Functions/Engine_MaterialFunctions02/Utility/MakeFloat2.uexp" 425
"../../../Engine/Content/EngineSky/VolumetricClouds/m_SimpleVolumetricCloud.uasset" 426
"../../../Engine/Content/EngineSky/VolumetricClouds/m_SimpleVolumetricCloud.uexp" 427
"../../../Engine/Content/EngineSky/VolumetricClouds/m_SimpleVolumetricCloud_Inst.uasset" 428
"../../../Engine/Content/EngineSky/VolumetricClouds/m_SimpleVolumetricCloud_Inst.uexp" 429
"../../../Engine/Content/EngineSounds/Master.uasset" 430
"../../../Engine/Content/EngineSounds/Master.uexp" 431
"../../../Engine/Content/Functions/Engine_MaterialFunctions01/Shading/PowerToRoughness.uasset" 432
"../../../Engine/Content/Functions/Engine_MaterialFunctions01/Shading/PowerToRoughness.uexp" 433
"../../../Engine/Content/Maps/Templates/Thumbnails/Default.uasset" 434
"../../../Engine/Content/Maps/Templates/Thumbnails/Default.uexp" 435
"../../../Engine/Content/Maps/Templates/Thumbnails/TimeOfDay.uasset" 436
"../../../Engine/Content/Maps/Templates/Thumbnails/TimeOfDay.uexp" 437
"../../../Engine/Content/Maps/Templates/Thumbnails/VR-Basic.uasset" 438
"../../../Engine/Content/Maps/Templates/Thumbnails/VR-Basic.uexp" 439
"../../../Engine/Content/MobileResources/T_MobileControls_texture.uasset" 440
"../../../Engine/Content/MobileResources/T_MobileControls_texture.uexp" 441
"../../../Engine/Content/MobileResources/T_MobileMenu2.uasset" 442
"../../../Engine/Content/MobileResources/T_MobileMenu2.uexp" 443
"../../../Engine/Content/MobileResources/HUD/AnalogHat.uasset" 444
"../../../Engine/Content/MobileResources/HUD/AnalogHat.uexp" 445
"../../../Engine/Content/MobileResources/HUD/VirtualJoystick_Background.uasset" 446
"../../../Engine/Content/MobileResources/HUD/VirtualJoystick_Background.uexp" 447
"../../../Engine/Content/MobileResources/HUD/VirtualJoystick_Thumb.uasset" 448
"../../../Engine/Content/MobileResources/HUD/VirtualJoystick_Thumb.uexp" 449
"../../../Engine/Content/MobileResources/HUD/DefaultVirtualJoysticks.uasset" 450
"../../../Engine/Content/MobileResources/HUD/DefaultVirtualJoysticks.uexp" 451
"../../../Engine/Content/MobileResources/HUD/LeftVirtualJoystickOnly.uasset" 452
"../../../Engine/Content/MobileResources/HUD/LeftVirtualJoystickOnly.uexp" 453
"../../../Engine/Content/MobileResources/HUD/MobileHUDButton1_off.uasset" 454
"../../../Engine/Content/MobileResources/HUD/MobileHUDButton1_off.uexp" 455
"../../../Engine/Content/MobileResources/HUD/MobileHUDButton1_on.uasset" 456
"../../../Engine/Content/MobileResources/HUD/MobileHUDButton1_on.uexp" 457
"../../../Engine/Content/MobileResources/HUD/MobileHUDButton2_off.uasset" 458
"../../../Engine/Content/MobileResources/HUD/MobileHUDButton2_off.uexp" 459
"../../../Engine/Content/MobileResources/HUD/MobileHUDButton2_on.uasset" 460
"../../../Engine/Content/MobileResources/HUD/MobileHUDButton2_on.uexp" 461
"../../../Engine/Content/MobileResources/HUD/MobileHUDButton3.uasset" 462
"../../../Engine/Content/MobileResources/HUD/MobileHUDButton3.uexp" 463
"../../../Engine/Content/MobileResources/HUD/MobileHUDButtonFire.uasset" 464
"../../../Engine/Content/MobileResources/HUD/MobileHUDButtonFire.uexp" 465
"../../../Engine/Content/MobileResources/HUD/MobileHUDDirectionPad.uasset" 466
"../../../Engine/Content/MobileResources/HUD/MobileHUDDirectionPad.uexp" 467
"../../../Engine/Content/MobileResources/HUD/MobileHUDDirectionPad2.uasset" 468
"../../../Engine/Content/MobileResources/HUD/MobileHUDDirectionPad2.uexp" 469
"../../../Engine/Content/MobileResources/HUD/MobileHUDDirectionPad3.uasset" 470
"../../../Engine/Content/MobileResources/HUD/MobileHUDDirectionPad3.uexp" 471
"../../../Engine/Content/MobileResources/HUD/MobileHUDDirectionStick.uasset" 472
"../../../Engine/Content/MobileResources/HUD/MobileHUDDirectionStick.uexp" 473
"../../../Engine/Content/MobileResources/HUD/T_Castle_ThumbstickInner.uasset" 474
"../../../Engine/Content/MobileResources/HUD/T_Castle_ThumbstickInner.uexp" 475
"../../../Engine/Content/MobileResources/HUD/T_Castle_ThumbstickOutter.uasset" 476
"../../../Engine/Content/MobileResources/HUD/T_Castle_ThumbstickOutter.uexp" 477
"../../../Engine/Content/Tutorial/ContentIntroCurve.uasset" 478
"../../../Engine/Content/Tutorial/ContentIntroCurve.uexp" 479
"../../../Engine/Content/Tutorial/BlueprintTutorials/TutorialAssets/Blueprint_64x.uasset" 480
"../../../Engine/Content/Tutorial/BlueprintTutorials/TutorialAssets/Blueprint_64x.uexp" 481
"../../../Engine/Content/VREditor/TransformGizmo/TransformGizmoMaterial.uasset" 482
"../../../Engine/Content/VREditor/TransformGizmo/TransformGizmoMaterial.uexp" 483
"../../../Engine/Content/VREditor/TransformGizmo/TranslucentTransformGizmoMaterial.uasset" 484
"../../../Engine/Content/VREditor/TransformGizmo/TranslucentTransformGizmoMaterial.uexp" 485
"../../../Engine/Content/VREditor/TransformGizmo/BoundingBoxCorner.uasset" 486
"../../../Engine/Content/VREditor/TransformGizmo/BoundingBoxCorner.uexp" 487
"../../../Engine/Content/VREditor/TransformGizmo/BoundingBoxCorner.ubulk" 488
"../../../Engine/Content/VREditor/TransformGizmo/BoundingBoxEdge.uasset" 489
"../../../Engine/Content/VREditor/TransformGizmo/BoundingBoxEdge.uexp" 490
"../../../Engine/Content/VREditor/TransformGizmo/BoundingBoxEdge.ubulk" 491
"../../../Engine/Content/VREditor/TransformGizmo/PlaneTranslationHandle.uasset" 492
"../../../Engine/Content/VREditor/TransformGizmo/PlaneTranslationHandle.uexp" 493
"../../../Engine/Content/VREditor/TransformGizmo/PlaneTranslationHandle.ubulk" 494
"../../../Engine/Content/VREditor/TransformGizmo/Main.uasset" 495
"../../../Engine/Content/VREditor/TransformGizmo/Main.uexp" 496
"../../../Engine/Content/VREditor/TransformGizmo/Xray.uasset" 497
"../../../Engine/Content/VREditor/TransformGizmo/Xray.uexp" 498
"../../../Engine/Content/VREditor/TransformGizmo/SM_Sequencer_Key.uasset" 499
"../../../Engine/Content/VREditor/TransformGizmo/SM_Sequencer_Key.uexp" 500
"../../../Engine/Content/VREditor/TransformGizmo/SM_Sequencer_Key.ubulk" 501
"../../../Engine/Content/VREditor/TransformGizmo/SM_Sequencer_Node.uasset" 502
"../../../Engine/Content/VREditor/TransformGizmo/SM_Sequencer_Node.uexp" 503
"../../../Engine/Content/VREditor/TransformGizmo/SM_Sequencer_Node.ubulk" 504
"../../../Engine/Plugins/2D/Paper2D/Content/PlaceholderTextures/DummySpriteTexture.uasset" 505
"../../../Engine/Plugins/2D/Paper2D/Content/PlaceholderTextures/DummySpriteTexture.uexp" 506
"../../../Engine/Plugins/2D/Paper2D/Content/PlaceholderTextures/DummySpriteTexture.ubulk" 507
"../../../Engine/Plugins/2D/Paper2D/Content/DummySprite.uasset" 508
"../../../Engine/Plugins/2D/Paper2D/Content/DummySprite.uexp" 509
"../../../Engine/Plugins/2D/Paper2D/Content/DefaultPaperTerrainMaterial.uasset" 510
"../../../Engine/Plugins/2D/Paper2D/Content/DefaultPaperTerrainMaterial.uexp" 511
"../../../Engine/Plugins/2D/Paper2D/Content/DefaultSpriteMaterial.uasset" 512
"../../../Engine/Plugins/2D/Paper2D/Content/DefaultSpriteMaterial.uexp" 513
"../../../Engine/Plugins/2D/Paper2D/Content/MaskedUnlitSpriteMaterial.uasset" 514
"../../../Engine/Plugins/2D/Paper2D/Content/MaskedUnlitSpriteMaterial.uexp" 515
"../../../Engine/Plugins/2D/Paper2D/Content/OpaqueUnlitSpriteMaterial.uasset" 516
"../../../Engine/Plugins/2D/Paper2D/Content/OpaqueUnlitSpriteMaterial.uexp" 517
"../../../Engine/Content/Functions/Engine_MaterialFunctions02/SafeNormalize.uasset" 518
"../../../Engine/Content/Functions/Engine_MaterialFunctions02/SafeNormalize.uexp" 519
"../../../Engine/Content/EngineResources/DefaultTexture.uasset" 520
"../../../Engine/Content/EngineResources/DefaultTexture.uexp" 521
"../../../Engine/Content/EngineResources/DefaultTexture.ubulk" 522
"../../../Engine/Content/Functions/Engine_MaterialFunctions02/ObjectLocalBounds.uasset" 523
"../../../Engine/Content/Functions/Engine_MaterialFunctions02/ObjectLocalBounds.uexp" 524
"../../../Engine/Content/Functions/Engine_MaterialFunctions02/UVs/BoundingBoxBased_0-1_UVW.uasset" 525
"../../../Engine/Content/Functions/Engine_MaterialFunctions02/UVs/BoundingBoxBased_0-1_UVW.uexp" 526
"../../../Engine/Plugins/Editor/SpeedTreeImporter/Content/SpeedTree9/game_wind_noise.uasset" 527
"../../../Engine/Plugins/Editor/SpeedTreeImporter/Content/SpeedTree9/game_wind_noise.uexp" 528
"../../../Engine/Plugins/Editor/SpeedTreeImporter/Content/SpeedTree9/game_wind_noise.ubulk" 529
"../../../Engine/Plugins/Editor/SpeedTreeImporter/Content/SpeedTree9/SpeedTreeBillboard.uasset" 530
"../../../Engine/Plugins/Editor/SpeedTreeImporter/Content/SpeedTree9/SpeedTreeBillboard.uexp" 531
"../../../Engine/Plugins/Editor/SpeedTreeImporter/Content/SpeedTree9/SpeedTreeWindMotion.uasset" 532
"../../../Engine/Plugins/Editor/SpeedTreeImporter/Content/SpeedTree9/SpeedTreeWindMotion.uexp" 533
"../../../Engine/Plugins/Editor/SpeedTreeImporter/Content/SpeedTree9/UnpackDirection.uasset" 534
"../../../Engine/Plugins/Editor/SpeedTreeImporter/Content/SpeedTree9/UnpackDirection.uexp" 535
"../../../Engine/Plugins/Editor/SpeedTreeImporter/Content/SpeedTree9/UnpackInteger3.uasset" 536
"../../../Engine/Plugins/Editor/SpeedTreeImporter/Content/SpeedTree9/UnpackInteger3.uexp" 537
"../../../Engine/Plugins/Editor/SpeedTreeImporter/Content/SpeedTree9/SpeedTreeBranchMotion.uasset" 538
"../../../Engine/Plugins/Editor/SpeedTreeImporter/Content/SpeedTree9/SpeedTreeBranchMotion.uexp" 539
"../../../Engine/Plugins/Editor/SpeedTreeImporter/Content/SpeedTree9/SpeedTreeWind.uasset" 540
"../../../Engine/Plugins/Editor/SpeedTreeImporter/Content/SpeedTree9/SpeedTreeWind.uexp" 541
"../../../Engine/Plugins/Editor/SpeedTreeImporter/Content/SpeedTree9/SpeedTreeBillboardMaster.uasset" 542
"../../../Engine/Plugins/Editor/SpeedTreeImporter/Content/SpeedTree9/SpeedTreeBillboardMaster.uexp" 543
"../../../Engine/Plugins/Editor/SpeedTreeImporter/Content/SpeedTree9/SpeedTreeCameraFacing.uasset" 544
"../../../Engine/Plugins/Editor/SpeedTreeImporter/Content/SpeedTree9/SpeedTreeCameraFacing.uexp" 545
"../../../Engine/Plugins/Editor/SpeedTreeImporter/Content/SpeedTree9/SpeedTreeMaster.uasset" 546
"../../../Engine/Plugins/Editor/SpeedTreeImporter/Content/SpeedTree9/SpeedTreeMaster.uexp" 547
"../../../Engine/Content/ArtTools/RenderToTexture/Materials/Debug/M_Emissive_Color.uasset" 548
"../../../Engine/Content/ArtTools/RenderToTexture/Materials/Debug/M_Emissive_Color.uexp" 549
"../../../Engine/Plugins/Lumin/MagicLeapPassableWorld/Content/MagicLeapARPinInfoActor.uasset" 550
"../../../Engine/Plugins/Lumin/MagicLeapPassableWorld/Content/MagicLeapARPinInfoActor.uexp" 551
"../../../Engine/Plugins/Runtime/HairStrands/Content/Materials/HairCardsDefaultMaterial.uasset" 552
"../../../Engine/Plugins/Runtime/HairStrands/Content/Materials/HairCardsDefaultMaterial.uexp" 553
"../../../Engine/Content/EngineMaterials/HairColorMap.uasset" 554
"../../../Engine/Content/EngineMaterials/HairColorMap.uexp" 555
"../../../Engine/Content/EngineMaterials/HairDebugColor.uasset" 556
"../../../Engine/Content/EngineMaterials/HairDebugColor.uexp" 557
"../../../Engine/Plugins/Runtime/HairStrands/Content/Materials/HairDebugMaterial.uasset" 558
"../../../Engine/Plugins/Runtime/HairStrands/Content/Materials/HairDebugMaterial.uexp" 559
"../../../Engine/Plugins/Runtime/HairStrands/Content/Materials/HairDefaultMaterial.uasset" 560
"../../../Engine/Plugins/Runtime/HairStrands/Content/Materials/HairDefaultMaterial.uexp" 561
"../../../Engine/Plugins/Runtime/HairStrands/Content/Materials/HairMeshesDefaultMaterial.uasset" 562
"../../../Engine/Plugins/Runtime/HairStrands/Content/Materials/HairMeshesDefaultMaterial.uexp" 563
"../../../Engine/Content/Functions/Engine_MaterialFunctions02/Utility/BreakOutFloat4Components.uasset" 564
"../../../Engine/Content/Functions/Engine_MaterialFunctions02/Utility/BreakOutFloat4Components.uexp" 565
"../../../Engine/Plugins/Runtime/Oculus/OculusVR/Content/Materials/OculusMR_ChromaKey.uasset" 566
"../../../Engine/Plugins/Runtime/Oculus/OculusVR/Content/Materials/OculusMR_ChromaKey.uexp" 567
"../../../Engine/Plugins/Runtime/Oculus/OculusVR/Content/Materials/OculusMR_OpaqueColoredMaterial.uasset" 568
"../../../Engine/Plugins/Runtime/Oculus/OculusVR/Content/Materials/OculusMR_OpaqueColoredMaterial.uexp" 569
"../../../Engine/Plugins/Runtime/Oculus/OculusVR/Content/Materials/PokeAHoleMaterial.uasset" 570
"../../../Engine/Plugins/Runtime/Oculus/OculusVR/Content/Materials/PokeAHoleMaterial.uexp" 571
"L:/Unreal Projects/VR_Test/Content/Geometry/Meshes/CubeMaterial.uasset" 572
"L:/Unreal Projects/VR_Test/Content/Geometry/Meshes/CubeMaterial.uexp" 573
"L:/Unreal Projects/VR_Test/Content/Geometry/Meshes/1M_Cube.uasset" 574
"L:/Unreal Projects/VR_Test/Content/Geometry/Meshes/1M_Cube.uexp" 575
"L:/Unreal Projects/VR_Test/Content/Geometry/Meshes/1M_Cube.ubulk" 576
"L:/Unreal Projects/VR_Test/Content/Geometry/Meshes/1M_Cube_Chamfer.uasset" 577
"L:/Unreal Projects/VR_Test/Content/Geometry/Meshes/1M_Cube_Chamfer.uexp" 578
"L:/Unreal Projects/VR_Test/Content/Geometry/Meshes/1M_Cube_Chamfer.ubulk" 579
"L:/Unreal Projects/VR_Test/Content/Geometry/Meshes/TemplateFloor.uasset" 580
"L:/Unreal Projects/VR_Test/Content/Geometry/Meshes/TemplateFloor.uexp" 581
"L:/Unreal Projects/VR_Test/Content/Geometry/Meshes/TemplateFloor.ubulk" 582
"L:/Unreal Projects/VR_Test/Content/VRTemplate/Audio/Fire01.uasset" 583
"L:/Unreal Projects/VR_Test/Content/VRTemplate/Audio/Fire01.uexp" 584
"L:/Unreal Projects/VR_Test/Content/VRTemplate/Audio/Fire01.ubulk" 585
"L:/Unreal Projects/VR_Test/Content/VRTemplate/Audio/Fire_Cue.uasset" 586
"L:/Unreal Projects/VR_Test/Content/VRTemplate/Audio/Fire_Cue.uexp" 587
"../../../Engine/Content/VREditor/BasicMeshes/T_CleanFloorGrunge_01_D.uasset" 588
"../../../Engine/Content/VREditor/BasicMeshes/T_CleanFloorGrunge_01_D.uexp" 589
"../../../Engine/Content/VREditor/BasicMeshes/T_CleanFloorGrunge_01_D.ubulk" 590
"../../../Engine/Content/VREditor/BasicMeshes/M_Floor_01.uasset" 591
"../../../Engine/Content/VREditor/BasicMeshes/M_Floor_01.uexp" 592
"../../../Engine/Content/VREditor/BasicMeshes/MI_Cube_01.uasset" 593
"../../../Engine/Content/VREditor/BasicMeshes/MI_Cube_01.uexp" 594
"../../../Engine/Content/VREditor/BasicMeshes/SM_Cube_01.uasset" 595
"../../../Engine/Content/VREditor/BasicMeshes/SM_Cube_01.uexp" 596
"../../../Engine/Content/VREditor/BasicMeshes/SM_Cube_01.ubulk" 597
"L:/Unreal Projects/VR_Test/Content/VRTemplate/Blueprints/Grabbable_SmallCube.uasset" 598
"L:/Unreal Projects/VR_Test/Content/VRTemplate/Blueprints/Grabbable_SmallCube.uexp" 599
"L:/Unreal Projects/VR_Test/Content/VRTemplate/Textures/T_Grid.uasset" 600
"L:/Unreal Projects/VR_Test/Content/VRTemplate/Textures/T_Grid.uexp" 601
"L:/Unreal Projects/VR_Test/Content/VRTemplate/Textures/T_Grid.ubulk" 602
"../../../Engine/Content/Functions/Engine_MaterialFunctions01/Gradient/LinearGradient.uasset" 603
"../../../Engine/Content/Functions/Engine_MaterialFunctions01/Gradient/LinearGradient.uexp" 604
"../../../Engine/Content/Functions/Engine_MaterialFunctions01/ImageAdjustment/CheapContrast.uasset" 605
"../../../Engine/Content/Functions/Engine_MaterialFunctions01/ImageAdjustment/CheapContrast.uexp" 606
"../../../Engine/Content/Functions/Engine_MaterialFunctions01/Texturing/WorldAlignedTexture.uasset" 607
"../../../Engine/Content/Functions/Engine_MaterialFunctions01/Texturing/WorldAlignedTexture.uexp" 608
"../../../Engine/Content/Functions/Engine_MaterialFunctions02/Utility/AppendMany.uasset" 609
"../../../Engine/Content/Functions/Engine_MaterialFunctions02/Utility/AppendMany.uexp" 610
"L:/Unreal Projects/VR_Test/Content/VRTemplate/Materials/M_GridRotation.uasset" 611
"L:/Unreal Projects/VR_Test/Content/VRTemplate/Materials/M_GridRotation.uexp" 612
"L:/Unreal Projects/VR_Test/Content/VRTemplate/Materials/MI_Grid_Default.uasset" 613
"L:/Unreal Projects/VR_Test/Content/VRTemplate/Materials/MI_Grid_Default.uexp" 614
"../../../Engine/Content/BasicShapes/Cube.uasset" 615
"../../../Engine/Content/BasicShapes/Cube.uexp" 616
"../../../Engine/Content/BasicShapes/Cube.ubulk" 617
"../../../Engine/Content/VREditor/BasicMeshes/MI_Ball_01.uasset" 618
"../../../Engine/Content/VREditor/BasicMeshes/MI_Ball_01.uexp" 619
"../../../Engine/Content/VREditor/BasicMeshes/SM_Ball_01.uasset" 620
"../../../Engine/Content/VREditor/BasicMeshes/SM_Ball_01.uexp" 621
"../../../Engine/Content/VREditor/BasicMeshes/SM_Ball_01.ubulk" 622
"../../../Engine/Content/EngineSky/T_Sky_Blue.uasset" 623
"../../../Engine/Content/EngineSky/T_Sky_Blue.uexp" 624
"../../../Engine/Content/EngineSky/T_Sky_Blue.ubulk" 625
"../../../Engine/Content/EngineSky/T_Sky_Clouds_M.uasset" 626
"../../../Engine/Content/EngineSky/T_Sky_Clouds_M.uexp" 627
"../../../Engine/Content/EngineSky/T_Sky_Clouds_M.ubulk" 628
"../../../Engine/Content/EngineSky/T_Sky_Stars.uasset" 629
"../../../Engine/Content/EngineSky/T_Sky_Stars.uexp" 630
"../../../Engine/Content/EngineSky/T_Sky_Stars.ubulk" 631
"../../../Engine/Content/EngineSky/M_Sky_Panning_Clouds2.uasset" 632
"../../../Engine/Content/EngineSky/M_Sky_Panning_Clouds2.uexp" 633
"../../../Engine/Content/EngineSky/SM_SkySphere.uasset" 634
"../../../Engine/Content/EngineSky/SM_SkySphere.uexp" 635
"../../../Engine/Content/EngineSky/SM_SkySphere.ubulk" 636
"../../../Engine/Content/EngineSky/C_Sky_Zenith_Color.uasset" 637
"../../../Engine/Content/EngineSky/C_Sky_Zenith_Color.uexp" 638
"../../../Engine/Content/EngineSky/C_Sky_Cloud_Color.uasset" 639
"../../../Engine/Content/EngineSky/C_Sky_Cloud_Color.uexp" 640
"../../../Engine/Content/EngineSky/C_Sky_Horizon_Color.uasset" 641
"../../../Engine/Content/EngineSky/C_Sky_Horizon_Color.uexp" 642
"../../../Engine/Content/EngineSky/BP_Sky_Sphere.uasset" 643
"../../../Engine/Content/EngineSky/BP_Sky_Sphere.uexp" 644
"L:/Unreal Projects/VR_Test/Content/FPWeapon/Mesh/SK_FPGun_Physics.uasset" 645
"L:/Unreal Projects/VR_Test/Content/FPWeapon/Mesh/SK_FPGun_Physics.uexp" 646
"L:/Unreal Projects/VR_Test/Content/FPWeapon/Mesh/SK_FPGun_Skeleton.uasset" 647
"L:/Unreal Projects/VR_Test/Content/FPWeapon/Mesh/SK_FPGun_Skeleton.uexp" 648
"L:/Unreal Projects/VR_Test/Content/FPWeapon/Materials/MaterialLayers/T_ML_Aluminum01_N.uasset" 649
"L:/Unreal Projects/VR_Test/Content/FPWeapon/Materials/MaterialLayers/T_ML_Aluminum01_N.uexp" 650
"L:/Unreal Projects/VR_Test/Content/FPWeapon/Materials/MaterialLayers/T_ML_Aluminum01_N.ubulk" 651
"L:/Unreal Projects/VR_Test/Content/FPWeapon/Textures/T_FPGun_N.uasset" 652
"L:/Unreal Projects/VR_Test/Content/FPWeapon/Textures/T_FPGun_N.uexp" 653
"L:/Unreal Projects/VR_Test/Content/FPWeapon/Textures/T_FPGun_N.ubulk" 654
"L:/Unreal Projects/VR_Test/Content/FPWeapon/Materials/MaterialLayers/T_ML_Rubber_Blue_01_D.uasset" 655
"L:/Unreal Projects/VR_Test/Content/FPWeapon/Materials/MaterialLayers/T_ML_Rubber_Blue_01_D.uexp" 656
"L:/Unreal Projects/VR_Test/Content/FPWeapon/Materials/MaterialLayers/T_ML_Rubber_Blue_01_D.ubulk" 657
"L:/Unreal Projects/VR_Test/Content/FPWeapon/Textures/T_FPGun_M.uasset" 658
"L:/Unreal Projects/VR_Test/Content/FPWeapon/Textures/T_FPGun_M.uexp" 659
"L:/Unreal Projects/VR_Test/Content/FPWeapon/Textures/T_FPGun_M.ubulk" 660
"L:/Unreal Projects/VR_Test/Content/FPWeapon/Materials/MaterialLayers/T_ML_Rubber_Blue_01_N.uasset" 661
"L:/Unreal Projects/VR_Test/Content/FPWeapon/Materials/MaterialLayers/T_ML_Rubber_Blue_01_N.uexp" 662
"L:/Unreal Projects/VR_Test/Content/FPWeapon/Materials/MaterialLayers/T_ML_Rubber_Blue_01_N.ubulk" 663
"../../../Engine/Content/Functions/Engine_MaterialFunctions02/Utility/BlendAngleCorrectedNormals.uasset" 664
"../../../Engine/Content/Functions/Engine_MaterialFunctions02/Utility/BlendAngleCorrectedNormals.uexp" 665
"../../../Engine/Content/Functions/MaterialLayerFunctions/MatLayerBlend_NormalBlend.uasset" 666
"../../../Engine/Content/Functions/MaterialLayerFunctions/MatLayerBlend_NormalBlend.uexp" 667
"../../../Engine/Content/Functions/MaterialLayerFunctions/MatLayerBlend_Simple.uasset" 668
"../../../Engine/Content/Functions/MaterialLayerFunctions/MatLayerBlend_Simple.uexp" 669
"L:/Unreal Projects/VR_Test/Content/FPWeapon/Materials/MaterialLayers/ML_GlossyBlack_Latex_UE4.uasset" 670
"L:/Unreal Projects/VR_Test/Content/FPWeapon/Materials/MaterialLayers/ML_GlossyBlack_Latex_UE4.uexp" 671
"L:/Unreal Projects/VR_Test/Content/FPWeapon/Materials/MaterialLayers/ML_Plastic_Shiny_Beige.uasset" 672
"L:/Unreal Projects/VR_Test/Content/FPWeapon/Materials/MaterialLayers/ML_Plastic_Shiny_Beige.uexp" 673
"L:/Unreal Projects/VR_Test/Content/FPWeapon/Materials/MaterialLayers/ML_Screen.uasset" 674
"L:/Unreal Projects/VR_Test/Content/FPWeapon/Materials/MaterialLayers/ML_Screen.uexp" 675
"L:/Unreal Projects/VR_Test/Content/FPWeapon/Materials/MaterialLayers/T_ML_Aluminum01.uasset" 676
"L:/Unreal Projects/VR_Test/Content/FPWeapon/Materials/MaterialLayers/T_ML_Aluminum01.uexp" 677
"L:/Unreal Projects/VR_Test/Content/FPWeapon/Materials/MaterialLayers/T_ML_Aluminum01.ubulk" 678
"L:/Unreal Projects/VR_Test/Content/FPWeapon/Materials/MaterialLayers/ML_SoftMetal_UE4.uasset" 679
"L:/Unreal Projects/VR_Test/Content/FPWeapon/Materials/MaterialLayers/ML_SoftMetal_UE4.uexp" 680
"L:/Unreal Projects/VR_Test/Content/FPWeapon/Materials/M_FPGun.uasset" 681
"L:/Unreal Projects/VR_Test/Content/FPWeapon/Materials/M_FPGun.uexp" 682
"L:/Unreal Projects/VR_Test/Content/FPWeapon/Mesh/SK_FPGun.uasset" 683
"L:/Unreal Projects/VR_Test/Content/FPWeapon/Mesh/SK_FPGun.uexp" 684
"L:/Unreal Projects/VR_Test/Content/VRTemplate/Materials/M_Projectile.uasset" 685
"L:/Unreal Projects/VR_Test/Content/VRTemplate/Materials/M_Projectile.uexp" 686
"L:/Unreal Projects/VR_Test/Content/VRTemplate/Materials/MI_Projectile.uasset" 687
"L:/Unreal Projects/VR_Test/Content/VRTemplate/Materials/MI_Projectile.uexp" 688
"L:/Unreal Projects/VR_Test/Content/VRTemplate/Blueprints/Projectile.uasset" 689
"L:/Unreal Projects/VR_Test/Content/VRTemplate/Blueprints/Projectile.uexp" 690
"L:/Unreal Projects/VR_Test/Content/VRTemplate/Haptics/PistolFireHapticEffect.uasset" 691
"L:/Unreal Projects/VR_Test/Content/VRTemplate/Haptics/PistolFireHapticEffect.uexp" 692
"L:/Unreal Projects/VR_Test/Content/VRTemplate/Blueprints/Pistol.uasset" 693
"L:/Unreal Projects/VR_Test/Content/VRTemplate/Blueprints/Pistol.uexp" 694
"L:/Unreal Projects/VR_Test/Content/VRTemplate/Maps/VRTemplateMap_BuiltData.uasset" 695
"L:/Unreal Projects/VR_Test/Content/VRTemplate/Maps/VRTemplateMap_BuiltData.uexp" 696
"L:/Unreal Projects/VR_Test/Content/VRTemplate/Maps/VRTemplateMap_BuiltData.ubulk" 697
"../../../Engine/Content/BasicShapes/BasicShapeMaterial.uasset" 698
"../../../Engine/Content/BasicShapes/BasicShapeMaterial.uexp" 699
"L:/Unreal Projects/VR_Test/Content/VRTemplate/Materials/MI_Grid_Accent.uasset" 700
"L:/Unreal Projects/VR_Test/Content/VRTemplate/Materials/MI_Grid_Accent.uexp" 701
"L:/Unreal Projects/VR_Test/Content/VRTemplate/Maps/VRTemplateMap.uexp" 702
"L:/Unreal Projects/VR_Test/Content/VRTemplate/Maps/VRTemplateMap.umap" 703
"../../../Engine/Content/Maps/Entry_BuiltData.uasset" 704
"../../../Engine/Content/Maps/Entry_BuiltData.uexp" 705
"../../../Engine/Content/Maps/Entry.uexp" 706
"../../../Engine/Content/Maps/Entry.umap" 707
